


ARM Macro Assembler    Page 1 


    1 00000000         ;/******************************************************
                       ********************//**
    2 00000000         ; * @file     startup_LM3S.s
    3 00000000         ; * @brief    CMSIS Cortex-M3 Core Device Startup File f
                       or
    4 00000000         ; *           TI Stellaris
    5 00000000         ; * @version  V3.00
    6 00000000         ; * @date     19. December 2011
    7 00000000         ; *
    8 00000000         ; * @note
    9 00000000         ; * Copyright (C) 2011 ARM Limited. All rights reserved.
                       
   10 00000000         ; *
   11 00000000         ; * @par
   12 00000000         ; * ARM Limited (ARM) is supplying this software for use
                        with Cortex-M
   13 00000000         ; * processor based microcontrollers.  This file can be 
                       freely distributed
   14 00000000         ; * within development tools that are supporting such AR
                       M based processors.
   15 00000000         ; *
   16 00000000         ; * @par
   17 00000000         ; * THIS SOFTWARE IS PROVIDED "AS IS".  NO WARRANTIES, W
                       HETHER EXPRESS, IMPLIED
   18 00000000         ; * OR STATUTORY, INCLUDING, BUT NOT LIMITED TO, IMPLIED
                        WARRANTIES OF
   19 00000000         ; * MERCHANTABILITY AND FITNESS FOR A PARTICULAR PURPOSE
                        APPLY TO THIS SOFTWARE.
   20 00000000         ; * ARM SHALL NOT, IN ANY CIRCUMSTANCES, BE LIABLE FOR S
                       PECIAL, INCIDENTAL, OR
   21 00000000         ; * CONSEQUENTIAL DAMAGES, FOR ANY REASON WHATSOEVER.
   22 00000000         ; *
   23 00000000         ; ******************************************************
                       ************************/
   24 00000000         ;/*
   25 00000000         ;//-------- <<< Use Configuration Wizard in Context Menu
                        >>> ------------------
   26 00000000         ;*/
   27 00000000         
   28 00000000         
   29 00000000         ; <h> Stack Configuration
   30 00000000         ;   <o> Stack Size (in Bytes) <0x0-0xFFFFFFFF:8>
   31 00000000         ; </h>
   32 00000000         
   33 00000000 00000400 
                       Stack_Size
                               EQU              0x00000400
   34 00000000         
   35 00000000                 AREA             STACK, NOINIT, READWRITE, ALIGN
=3
   36 00000000         Stack_Mem
                               SPACE            Stack_Size
   37 00000400         __initial_sp
   38 00000400         
   39 00000400         
   40 00000400         ; <h> Heap Configuration
   41 00000400         ;   <o>  Heap Size (in Bytes) <0x0-0xFFFFFFFF:8>
   42 00000400         ; </h>
   43 00000400         



ARM Macro Assembler    Page 2 


   44 00000400 00000100 
                       Heap_Size
                               EQU              0x00000100
   45 00000400         
   46 00000400                 AREA             HEAP, NOINIT, READWRITE, ALIGN=
3
   47 00000000         __heap_base
   48 00000000         Heap_Mem
                               SPACE            Heap_Size
   49 00000100         __heap_limit
   50 00000100         
   51 00000100         
   52 00000100                 PRESERVE8
   53 00000100                 THUMB
   54 00000100         
   55 00000100         
   56 00000100         ; Vector Table Mapped to Address 0 at Reset
   57 00000100         
   58 00000100                 AREA             RESET, DATA, READONLY
   59 00000000                 EXPORT           __Vectors
   60 00000000                 EXPORT           __Vectors_End
   61 00000000                 EXPORT           __Vectors_Size
   62 00000000         
   63 00000000 00000000 
                       __Vectors
                               DCD              __initial_sp ; Top of Stack
   64 00000004 00000000        DCD              Reset_Handler ; Reset Handler
   65 00000008 00000000        DCD              NMI_Handler ; NMI Handler
   66 0000000C 00000000        DCD              HardFault_Handler ; Hard Fault 
                                                            Handler
   67 00000010 00000000        DCD              MemManage_Handler 
                                                            ; MPU Fault Handler
                                                            
   68 00000014 00000000        DCD              BusFault_Handler 
                                                            ; Bus Fault Handler
                                                            
   69 00000018 00000000        DCD              UsageFault_Handler ; Usage Faul
                                                            t Handler
   70 0000001C 00000000        DCD              0           ; Reserved
   71 00000020 00000000        DCD              0           ; Reserved
   72 00000024 00000000        DCD              0           ; Reserved
   73 00000028 00000000        DCD              0           ; Reserved
   74 0000002C 00000000        DCD              SVC_Handler ; SVCall Handler
   75 00000030 00000000        DCD              DebugMon_Handler ; Debug Monito
                                                            r Handler
   76 00000034 00000000        DCD              0           ; Reserved
   77 00000038 00000000        DCD              PendSV_Handler ; PendSV Handler
                                                            
   78 0000003C 00000000        DCD              SysTick_Handler 
                                                            ; SysTick Handler
   79 00000040         
   80 00000040         ; External Interrupts
   81 00000040         
   82 00000040 00000000        DCD              GPIOA_Handler ; GPIO Port A
   83 00000044 00000000        DCD              GPIOB_Handler ; GPIO Port B
   84 00000048 00000000        DCD              GPIOC_Handler ; GPIO Port C
   85 0000004C 00000000        DCD              GPIOD_Handler ; GPIO Port D
   86 00000050 00000000        DCD              GPIOE_Handler ; GPIO Port E
   87 00000054 00000000        DCD              UART0_Handler ; UART0 Rx and Tx



ARM Macro Assembler    Page 3 


                                                            
   88 00000058 00000000        DCD              UART1_Handler ; UART1 Rx and Tx
                                                            
   89 0000005C 00000000        DCD              SSI0_Handler ; SSI0 Rx and Tx
   90 00000060 00000000        DCD              I2C0_Handler ; I2C0 Master and 
                                                            Slave
   91 00000064 00000000        DCD              PMW0_FAULT_Handler ; PWM Fault
   92 00000068 00000000        DCD              PWM0_0_Handler 
                                                            ; PWM Generator 0
   93 0000006C 00000000        DCD              PWM0_1_Handler 
                                                            ; PWM Generator 1
   94 00000070 00000000        DCD              PWM0_2_Handler 
                                                            ; PWM Generator 2
   95 00000074 00000000        DCD              QEI0_Handler ; Quadrature Encod
                                                            er 0
   96 00000078 00000000        DCD              ADC0SS0_Handler 
                                                            ; ADC Sequence 0
   97 0000007C 00000000        DCD              ADC0SS1_Handler 
                                                            ; ADC Sequence 1
   98 00000080 00000000        DCD              ADC0SS2_Handler 
                                                            ; ADC Sequence 2
   99 00000084 00000000        DCD              ADC0SS3_Handler 
                                                            ; ADC Sequence 3
  100 00000088 00000000        DCD              WDT0_Handler ; Watchdog timer
  101 0000008C 00000000        DCD              TIMER0A_Handler ; Timer 0 subti
                                                            mer A
  102 00000090 00000000        DCD              TIMER0B_Handler ; Timer 0 subti
                                                            mer B
  103 00000094 00000000        DCD              TIMER1A_Handler ; Timer 1 subti
                                                            mer A
  104 00000098 00000000        DCD              TIMER1B_Handler ; Timer 1 subti
                                                            mer B
  105 0000009C 00000000        DCD              TIMER2A_Handler ; Timer 2 subti
                                                            mer A
  106 000000A0 00000000        DCD              TIMER2B_Handler ; Timer 2 subti
                                                            mer B
  107 000000A4 00000000        DCD              COMP0_Handler ; Analog Comparat
                                                            or 0
  108 000000A8 00000000        DCD              COMP1_Handler ; Analog Comparat
                                                            or 1
  109 000000AC 00000000        DCD              COMP2_Handler ; Analog Comparat
                                                            or 2
  110 000000B0 00000000        DCD              SYSCTL_Handler ; System Control
                                                             (PLL, OSC, BO)
  111 000000B4 00000000        DCD              FLASH_Handler ; FLASH Control
  112 000000B8 00000000        DCD              GPIOF_Handler ; GPIO Port F
  113 000000BC 00000000        DCD              GPIOG_Handler ; GPIO Port G
  114 000000C0 00000000        DCD              GPIOH_Handler ; GPIO Port H
  115 000000C4 00000000        DCD              UART2_Handler ; UART2 Rx and Tx
                                                            
  116 000000C8 00000000        DCD              SSI1_Handler ; SSI1 Rx and Tx
  117 000000CC 00000000        DCD              TIMER3A_Handler ; Timer 3 subti
                                                            mer A
  118 000000D0 00000000        DCD              TIMER3B_Handler ; Timer 3 subti
                                                            mer B
  119 000000D4 00000000        DCD              I2C1_Handler ; I2C1 Master and 
                                                            Slave
  120 000000D8 00000000        DCD              QEI1_Handler ; Quadrature Encod
                                                            er 1



ARM Macro Assembler    Page 4 


  121 000000DC 00000000        DCD              CAN0_Handler ; CAN0
  122 000000E0 00000000        DCD              CAN1_Handler ; CAN1
  123 000000E4 00000000        DCD              CAN2_Handler ; CAN2
  124 000000E8 00000000        DCD              ETH0_Handler ; Ethernet
  125 000000EC 00000000        DCD              HIB_Handler ; Hibernate
  126 000000F0 00000000        DCD              USB0_Handler ; USB0
  127 000000F4 00000000        DCD              PWM0_3_Handler 
                                                            ; PWM Generator 3
  128 000000F8 00000000        DCD              UDMA_Handler ; uDMA Software Tr
                                                            ansfer
  129 000000FC 00000000        DCD              UDMAERR_Handler ; uDMA Error
  130 00000100 00000000        DCD              ADC1SS0_Handler 
                                                            ; ADC1 Sequence 0
  131 00000104 00000000        DCD              ADC1SS1_Handler 
                                                            ; ADC1 Sequence 1
  132 00000108 00000000        DCD              ADC1SS2_Handler 
                                                            ; ADC1 Sequence 2
  133 0000010C 00000000        DCD              ADC1SS3_Handler 
                                                            ; ADC1 Sequence 3
  134 00000110 00000000        DCD              I2S0_Handler ; I2S0
  135 00000114 00000000        DCD              EPI0_Handler ; External Bus Int
                                                            erface 0
  136 00000118 00000000        DCD              GPIOJ_Handler ; GPIO Port J
  137 0000011C         __Vectors_End
  138 0000011C         
  139 0000011C 0000011C 
                       __Vectors_Size
                               EQU              __Vectors_End - __Vectors
  140 0000011C         
  141 0000011C                 AREA             |.text|, CODE, READONLY
  142 00000000         
  143 00000000         
  144 00000000         ; Reset Handler
  145 00000000         
  146 00000000         Reset_Handler
                               PROC
  147 00000000                 EXPORT           Reset_Handler             [WEAK
]
  148 00000000                 IMPORT           SystemInit
  149 00000000                 IMPORT           __main
  150 00000000 4824            LDR              R0, =SystemInit
  151 00000002 4780            BLX              R0
  152 00000004 4824            LDR              R0, =__main
  153 00000006 4700            BX               R0
  154 00000008                 ENDP
  155 00000008         
  156 00000008         
  157 00000008         ; Dummy Exception Handlers (infinite loops which can be 
                       modified)
  158 00000008         
  159 00000008         NMI_Handler
                               PROC
  160 00000008                 EXPORT           NMI_Handler               [WEAK
]
  161 00000008 E7FE            B                .
  162 0000000A                 ENDP
  164 0000000A         HardFault_Handler
                               PROC
  165 0000000A                 EXPORT           HardFault_Handler         [WEAK



ARM Macro Assembler    Page 5 


]
  166 0000000A E7FE            B                .
  167 0000000C                 ENDP
  169 0000000C         MemManage_Handler
                               PROC
  170 0000000C                 EXPORT           MemManage_Handler         [WEAK
]
  171 0000000C E7FE            B                .
  172 0000000E                 ENDP
  174 0000000E         BusFault_Handler
                               PROC
  175 0000000E                 EXPORT           BusFault_Handler          [WEAK
]
  176 0000000E E7FE            B                .
  177 00000010                 ENDP
  179 00000010         UsageFault_Handler
                               PROC
  180 00000010                 EXPORT           UsageFault_Handler        [WEAK
]
  181 00000010 E7FE            B                .
  182 00000012                 ENDP
  183 00000012         SVC_Handler
                               PROC
  184 00000012                 EXPORT           SVC_Handler               [WEAK
]
  185 00000012 E7FE            B                .
  186 00000014                 ENDP
  188 00000014         DebugMon_Handler
                               PROC
  189 00000014                 EXPORT           DebugMon_Handler          [WEAK
]
  190 00000014 E7FE            B                .
  191 00000016                 ENDP
  193 00000016         PendSV_Handler
                               PROC
  194 00000016                 EXPORT           PendSV_Handler            [WEAK
]
  195 00000016 E7FE            B                .
  196 00000018                 ENDP
  198 00000018         SysTick_Handler
                               PROC
  199 00000018                 EXPORT           SysTick_Handler           [WEAK
]
  200 00000018 E7FE            B                .
  201 0000001A                 ENDP
  202 0000001A         
  204 0000001A         GPIOA_Handler
                               PROC
  205 0000001A                 EXPORT           GPIOA_Handler [WEAK]
  206 0000001A E7FE            B                .
  207 0000001C                 ENDP
  208 0000001C         
  210 0000001C         GPIOB_Handler
                               PROC
  211 0000001C                 EXPORT           GPIOB_Handler [WEAK]
  212 0000001C E7FE            B                .
  213 0000001E                 ENDP
  214 0000001E         
  216 0000001E         GPIOC_Handler



ARM Macro Assembler    Page 6 


                               PROC
  217 0000001E                 EXPORT           GPIOC_Handler [WEAK]
  218 0000001E E7FE            B                .
  219 00000020                 ENDP
  220 00000020         
  222 00000020         GPIOD_Handler
                               PROC
  223 00000020                 EXPORT           GPIOD_Handler [WEAK]
  224 00000020 E7FE            B                .
  225 00000022                 ENDP
  226 00000022         
  228 00000022         GPIOE_Handler
                               PROC
  229 00000022                 EXPORT           GPIOE_Handler [WEAK]
  230 00000022 E7FE            B                .
  231 00000024                 ENDP
  232 00000024         
  234 00000024         UART0_Handler
                               PROC
  235 00000024                 EXPORT           UART0_Handler [WEAK]
  236 00000024 E7FE            B                .
  237 00000026                 ENDP
  238 00000026         
  240 00000026         UART1_Handler
                               PROC
  241 00000026                 EXPORT           UART1_Handler [WEAK]
  242 00000026 E7FE            B                .
  243 00000028                 ENDP
  244 00000028         
  246 00000028         SSI0_Handler
                               PROC
  247 00000028                 EXPORT           SSI0_Handler [WEAK]
  248 00000028 E7FE            B                .
  249 0000002A                 ENDP
  250 0000002A         
  252 0000002A         I2C0_Handler
                               PROC
  253 0000002A                 EXPORT           I2C0_Handler [WEAK]
  254 0000002A E7FE            B                .
  255 0000002C                 ENDP
  256 0000002C         
  258 0000002C         PMW0_FAULT_Handler
                               PROC
  259 0000002C                 EXPORT           PMW0_FAULT_Handler [WEAK]
  260 0000002C E7FE            B                .
  261 0000002E                 ENDP
  262 0000002E         
  264 0000002E         PWM0_0_Handler
                               PROC
  265 0000002E                 EXPORT           PWM0_0_Handler [WEAK]
  266 0000002E E7FE            B                .
  267 00000030                 ENDP
  268 00000030         
  270 00000030         PWM0_1_Handler
                               PROC
  271 00000030                 EXPORT           PWM0_1_Handler [WEAK]
  272 00000030 E7FE            B                .
  273 00000032                 ENDP
  274 00000032         



ARM Macro Assembler    Page 7 


  276 00000032         PWM0_2_Handler
                               PROC
  277 00000032                 EXPORT           PWM0_2_Handler [WEAK]
  278 00000032 E7FE            B                .
  279 00000034                 ENDP
  280 00000034         
  282 00000034         QEI0_Handler
                               PROC
  283 00000034                 EXPORT           QEI0_Handler [WEAK]
  284 00000034 E7FE            B                .
  285 00000036                 ENDP
  286 00000036         
  288 00000036         ADC0SS0_Handler
                               PROC
  289 00000036                 EXPORT           ADC0SS0_Handler [WEAK]
  290 00000036 E7FE            B                .
  291 00000038                 ENDP
  292 00000038         
  294 00000038         ADC0SS1_Handler
                               PROC
  295 00000038                 EXPORT           ADC0SS1_Handler [WEAK]
  296 00000038 E7FE            B                .
  297 0000003A                 ENDP
  298 0000003A         
  300 0000003A         ADC0SS2_Handler
                               PROC
  301 0000003A                 EXPORT           ADC0SS2_Handler [WEAK]
  302 0000003A E7FE            B                .
  303 0000003C                 ENDP
  304 0000003C         
  306 0000003C         ADC0SS3_Handler
                               PROC
  307 0000003C                 EXPORT           ADC0SS3_Handler [WEAK]
  308 0000003C E7FE            B                .
  309 0000003E                 ENDP
  310 0000003E         
  312 0000003E         WDT0_Handler
                               PROC
  313 0000003E                 EXPORT           WDT0_Handler [WEAK]
  314 0000003E E7FE            B                .
  315 00000040                 ENDP
  316 00000040         
  318 00000040         TIMER0A_Handler
                               PROC
  319 00000040                 EXPORT           TIMER0A_Handler [WEAK]
  320 00000040 E7FE            B                .
  321 00000042                 ENDP
  322 00000042         
  324 00000042         TIMER0B_Handler
                               PROC
  325 00000042                 EXPORT           TIMER0B_Handler [WEAK]
  326 00000042 E7FE            B                .
  327 00000044                 ENDP
  328 00000044         
  330 00000044         TIMER1A_Handler
                               PROC
  331 00000044                 EXPORT           TIMER1A_Handler [WEAK]
  332 00000044 E7FE            B                .
  333 00000046                 ENDP



ARM Macro Assembler    Page 8 


  334 00000046         
  336 00000046         TIMER1B_Handler
                               PROC
  337 00000046                 EXPORT           TIMER1B_Handler [WEAK]
  338 00000046 E7FE            B                .
  339 00000048                 ENDP
  340 00000048         
  342 00000048         TIMER2A_Handler
                               PROC
  343 00000048                 EXPORT           TIMER2A_Handler [WEAK]
  344 00000048 E7FE            B                .
  345 0000004A                 ENDP
  346 0000004A         
  348 0000004A         TIMER2B_Handler
                               PROC
  349 0000004A                 EXPORT           TIMER2B_Handler [WEAK]
  350 0000004A E7FE            B                .
  351 0000004C                 ENDP
  352 0000004C         
  354 0000004C         COMP0_Handler
                               PROC
  355 0000004C                 EXPORT           COMP0_Handler [WEAK]
  356 0000004C E7FE            B                .
  357 0000004E                 ENDP
  358 0000004E         
  360 0000004E         COMP1_Handler
                               PROC
  361 0000004E                 EXPORT           COMP1_Handler [WEAK]
  362 0000004E E7FE            B                .
  363 00000050                 ENDP
  364 00000050         
  366 00000050         COMP2_Handler
                               PROC
  367 00000050                 EXPORT           COMP2_Handler [WEAK]
  368 00000050 E7FE            B                .
  369 00000052                 ENDP
  370 00000052         
  372 00000052         SYSCTL_Handler
                               PROC
  373 00000052                 EXPORT           SYSCTL_Handler [WEAK]
  374 00000052 E7FE            B                .
  375 00000054                 ENDP
  376 00000054         
  378 00000054         FLASH_Handler
                               PROC
  379 00000054                 EXPORT           FLASH_Handler [WEAK]
  380 00000054 E7FE            B                .
  381 00000056                 ENDP
  382 00000056         
  384 00000056         GPIOF_Handler
                               PROC
  385 00000056                 EXPORT           GPIOF_Handler [WEAK]
  386 00000056 E7FE            B                .
  387 00000058                 ENDP
  388 00000058         
  390 00000058         GPIOG_Handler
                               PROC
  391 00000058                 EXPORT           GPIOG_Handler [WEAK]
  392 00000058 E7FE            B                .



ARM Macro Assembler    Page 9 


  393 0000005A                 ENDP
  394 0000005A         
  396 0000005A         GPIOH_Handler
                               PROC
  397 0000005A                 EXPORT           GPIOH_Handler [WEAK]
  398 0000005A E7FE            B                .
  399 0000005C                 ENDP
  400 0000005C         
  402 0000005C         UART2_Handler
                               PROC
  403 0000005C                 EXPORT           UART2_Handler [WEAK]
  404 0000005C E7FE            B                .
  405 0000005E                 ENDP
  406 0000005E         
  408 0000005E         SSI1_Handler
                               PROC
  409 0000005E                 EXPORT           SSI1_Handler [WEAK]
  410 0000005E E7FE            B                .
  411 00000060                 ENDP
  412 00000060         
  414 00000060         TIMER3A_Handler
                               PROC
  415 00000060                 EXPORT           TIMER3A_Handler [WEAK]
  416 00000060 E7FE            B                .
  417 00000062                 ENDP
  418 00000062         
  420 00000062         TIMER3B_Handler
                               PROC
  421 00000062                 EXPORT           TIMER3B_Handler [WEAK]
  422 00000062 E7FE            B                .
  423 00000064                 ENDP
  424 00000064         
  426 00000064         I2C1_Handler
                               PROC
  427 00000064                 EXPORT           I2C1_Handler [WEAK]
  428 00000064 E7FE            B                .
  429 00000066                 ENDP
  430 00000066         
  432 00000066         QEI1_Handler
                               PROC
  433 00000066                 EXPORT           QEI1_Handler [WEAK]
  434 00000066 E7FE            B                .
  435 00000068                 ENDP
  436 00000068         
  438 00000068         CAN0_Handler
                               PROC
  439 00000068                 EXPORT           CAN0_Handler [WEAK]
  440 00000068 E7FE            B                .
  441 0000006A                 ENDP
  442 0000006A         
  444 0000006A         CAN1_Handler
                               PROC
  445 0000006A                 EXPORT           CAN1_Handler [WEAK]
  446 0000006A E7FE            B                .
  447 0000006C                 ENDP
  448 0000006C         
  450 0000006C         CAN2_Handler
                               PROC
  451 0000006C                 EXPORT           CAN2_Handler [WEAK]



ARM Macro Assembler    Page 10 


  452 0000006C E7FE            B                .
  453 0000006E                 ENDP
  454 0000006E         
  456 0000006E         ETH0_Handler
                               PROC
  457 0000006E                 EXPORT           ETH0_Handler [WEAK]
  458 0000006E E7FE            B                .
  459 00000070                 ENDP
  460 00000070         
  462 00000070         HIB_Handler
                               PROC
  463 00000070                 EXPORT           HIB_Handler [WEAK]
  464 00000070 E7FE            B                .
  465 00000072                 ENDP
  466 00000072         
  468 00000072         USB0_Handler
                               PROC
  469 00000072                 EXPORT           USB0_Handler [WEAK]
  470 00000072 E7FE            B                .
  471 00000074                 ENDP
  472 00000074         
  474 00000074         PWM0_3_Handler
                               PROC
  475 00000074                 EXPORT           PWM0_3_Handler [WEAK]
  476 00000074 E7FE            B                .
  477 00000076                 ENDP
  478 00000076         
  480 00000076         UDMA_Handler
                               PROC
  481 00000076                 EXPORT           UDMA_Handler [WEAK]
  482 00000076 E7FE            B                .
  483 00000078                 ENDP
  484 00000078         
  486 00000078         UDMAERR_Handler
                               PROC
  487 00000078                 EXPORT           UDMAERR_Handler [WEAK]
  488 00000078 E7FE            B                .
  489 0000007A                 ENDP
  490 0000007A         
  492 0000007A         ADC1SS0_Handler
                               PROC
  493 0000007A                 EXPORT           ADC1SS0_Handler [WEAK]
  494 0000007A E7FE            B                .
  495 0000007C                 ENDP
  496 0000007C         
  498 0000007C         ADC1SS1_Handler
                               PROC
  499 0000007C                 EXPORT           ADC1SS1_Handler [WEAK]
  500 0000007C E7FE            B                .
  501 0000007E                 ENDP
  502 0000007E         
  504 0000007E         ADC1SS2_Handler
                               PROC
  505 0000007E                 EXPORT           ADC1SS2_Handler [WEAK]
  506 0000007E E7FE            B                .
  507 00000080                 ENDP
  508 00000080         
  510 00000080         ADC1SS3_Handler
                               PROC



ARM Macro Assembler    Page 11 


  511 00000080                 EXPORT           ADC1SS3_Handler [WEAK]
  512 00000080 E7FE            B                .
  513 00000082                 ENDP
  514 00000082         
  516 00000082         I2S0_Handler
                               PROC
  517 00000082                 EXPORT           I2S0_Handler [WEAK]
  518 00000082 E7FE            B                .
  519 00000084                 ENDP
  520 00000084         
  522 00000084         EPI0_Handler
                               PROC
  523 00000084                 EXPORT           EPI0_Handler [WEAK]
  524 00000084 E7FE            B                .
  525 00000086                 ENDP
  526 00000086         
  528 00000086         GPIOJ_Handler
                               PROC
  529 00000086                 EXPORT           GPIOJ_Handler [WEAK]
  530 00000086 E7FE            B                .
  531 00000088                 ENDP
  532 00000088         
  533 00000088                 ALIGN
  534 00000088         
  535 00000088         
  536 00000088         ; User Initial Stack & Heap
  537 00000088         
  538 00000088                 IF               :DEF:__MICROLIB
  545 00000088         
  546 00000088                 IMPORT           __use_two_region_memory
  547 00000088                 EXPORT           __user_initial_stackheap
  548 00000088         __user_initial_stackheap
  549 00000088         
  550 00000088 4804            LDR              R0, =  Heap_Mem
  551 0000008A 4905            LDR              R1, =(Stack_Mem + Stack_Size)
  552 0000008C 4A05            LDR              R2, = (Heap_Mem +  Heap_Size)
  553 0000008E 4B06            LDR              R3, = Stack_Mem
  554 00000090 4770            BX               LR
  555 00000092         
  556 00000092 00 00           ALIGN
  557 00000094         
  558 00000094                 ENDIF
  559 00000094         
  560 00000094         
  561 00000094                 END
              00000000 
              00000000 
              00000000 
              00000400 
              00000100 
              00000000 
Command Line: --debug --xref --diag_suppress=9931 --cpu=Cortex-M3 --apcs=interw
ork --depend=.\objects\startup.d -o.\objects\startup.o -I.\RTE\CMSIS-View -I.\R
TE\_Evalbot_Release -IE:\KeilPacks\ARM\CMSIS-Compiler\2.1.0\include -IE:\KeilPa
cks\ARM\CMSIS-View\1.2.0\EventRecorder\Include -IE:\KeilPacks\ARM\CMSIS\6.1.0\C
MSIS\Core\Include -IE:\KeilPacks\ARM\CMSIS\6.1.0\CMSIS\Driver\Include -IE:\Keil
Packs\ARM\CMSIS\6.1.0\CMSIS\RTOS2\Include -IE:\KeilPacks\Keil\LM3S_DFP\1.1.1\De
vice\Include --predefine="__UVISION_VERSION SETA 539" --predefine="_RTE_ SETA 1
" --predefine="LM3S9B92 SETA 1" --predefine="_RTE_ SETA 1" --list=.\listings\st



ARM Macro Assembler    Page 12 


artup.lst RTE/Device/LM3S9B92/Startup.s



ARM Macro Assembler    Page 1 Alphabetic symbol ordering
Relocatable symbols

STACK 00000000

Symbol: STACK
   Definitions
      At line 35 in file RTE/Device/LM3S9B92/Startup.s
   Uses
      None
Comment: STACK unused
Stack_Mem 00000000

Symbol: Stack_Mem
   Definitions
      At line 36 in file RTE/Device/LM3S9B92/Startup.s
   Uses
      At line 551 in file RTE/Device/LM3S9B92/Startup.s
      At line 553 in file RTE/Device/LM3S9B92/Startup.s

__initial_sp 00000400

Symbol: __initial_sp
   Definitions
      At line 37 in file RTE/Device/LM3S9B92/Startup.s
   Uses
      At line 63 in file RTE/Device/LM3S9B92/Startup.s
Comment: __initial_sp used once
3 symbols



ARM Macro Assembler    Page 1 Alphabetic symbol ordering
Relocatable symbols

HEAP 00000000

Symbol: HEAP
   Definitions
      At line 46 in file RTE/Device/LM3S9B92/Startup.s
   Uses
      None
Comment: HEAP unused
Heap_Mem 00000000

Symbol: Heap_Mem
   Definitions
      At line 48 in file RTE/Device/LM3S9B92/Startup.s
   Uses
      At line 550 in file RTE/Device/LM3S9B92/Startup.s
      At line 552 in file RTE/Device/LM3S9B92/Startup.s

__heap_base 00000000

Symbol: __heap_base
   Definitions
      At line 47 in file RTE/Device/LM3S9B92/Startup.s
   Uses
      None
Comment: __heap_base unused
__heap_limit 00000100

Symbol: __heap_limit
   Definitions
      At line 49 in file RTE/Device/LM3S9B92/Startup.s
   Uses
      None
Comment: __heap_limit unused
4 symbols



ARM Macro Assembler    Page 1 Alphabetic symbol ordering
Relocatable symbols

RESET 00000000

Symbol: RESET
   Definitions
      At line 58 in file RTE/Device/LM3S9B92/Startup.s
   Uses
      None
Comment: RESET unused
__Vectors 00000000

Symbol: __Vectors
   Definitions
      At line 63 in file RTE/Device/LM3S9B92/Startup.s
   Uses
      At line 59 in file RTE/Device/LM3S9B92/Startup.s
      At line 139 in file RTE/Device/LM3S9B92/Startup.s

__Vectors_End 0000011C

Symbol: __Vectors_End
   Definitions
      At line 137 in file RTE/Device/LM3S9B92/Startup.s
   Uses
      At line 60 in file RTE/Device/LM3S9B92/Startup.s
      At line 139 in file RTE/Device/LM3S9B92/Startup.s

3 symbols



ARM Macro Assembler    Page 1 Alphabetic symbol ordering
Relocatable symbols

.text 00000000

Symbol: .text
   Definitions
      At line 141 in file RTE/Device/LM3S9B92/Startup.s
   Uses
      None
Comment: .text unused
ADC0SS0_Handler 00000036

Symbol: ADC0SS0_Handler
   Definitions
      At line 288 in file RTE/Device/LM3S9B92/Startup.s
   Uses
      At line 96 in file RTE/Device/LM3S9B92/Startup.s
      At line 289 in file RTE/Device/LM3S9B92/Startup.s

ADC0SS1_Handler 00000038

Symbol: ADC0SS1_Handler
   Definitions
      At line 294 in file RTE/Device/LM3S9B92/Startup.s
   Uses
      At line 97 in file RTE/Device/LM3S9B92/Startup.s
      At line 295 in file RTE/Device/LM3S9B92/Startup.s

ADC0SS2_Handler 0000003A

Symbol: ADC0SS2_Handler
   Definitions
      At line 300 in file RTE/Device/LM3S9B92/Startup.s
   Uses
      At line 98 in file RTE/Device/LM3S9B92/Startup.s
      At line 301 in file RTE/Device/LM3S9B92/Startup.s

ADC0SS3_Handler 0000003C

Symbol: ADC0SS3_Handler
   Definitions
      At line 306 in file RTE/Device/LM3S9B92/Startup.s
   Uses
      At line 99 in file RTE/Device/LM3S9B92/Startup.s
      At line 307 in file RTE/Device/LM3S9B92/Startup.s

ADC1SS0_Handler 0000007A

Symbol: ADC1SS0_Handler
   Definitions
      At line 492 in file RTE/Device/LM3S9B92/Startup.s
   Uses
      At line 130 in file RTE/Device/LM3S9B92/Startup.s
      At line 493 in file RTE/Device/LM3S9B92/Startup.s

ADC1SS1_Handler 0000007C

Symbol: ADC1SS1_Handler
   Definitions
      At line 498 in file RTE/Device/LM3S9B92/Startup.s
   Uses



ARM Macro Assembler    Page 2 Alphabetic symbol ordering
Relocatable symbols

      At line 131 in file RTE/Device/LM3S9B92/Startup.s
      At line 499 in file RTE/Device/LM3S9B92/Startup.s

ADC1SS2_Handler 0000007E

Symbol: ADC1SS2_Handler
   Definitions
      At line 504 in file RTE/Device/LM3S9B92/Startup.s
   Uses
      At line 132 in file RTE/Device/LM3S9B92/Startup.s
      At line 505 in file RTE/Device/LM3S9B92/Startup.s

ADC1SS3_Handler 00000080

Symbol: ADC1SS3_Handler
   Definitions
      At line 510 in file RTE/Device/LM3S9B92/Startup.s
   Uses
      At line 133 in file RTE/Device/LM3S9B92/Startup.s
      At line 511 in file RTE/Device/LM3S9B92/Startup.s

BusFault_Handler 0000000E

Symbol: BusFault_Handler
   Definitions
      At line 174 in file RTE/Device/LM3S9B92/Startup.s
   Uses
      At line 68 in file RTE/Device/LM3S9B92/Startup.s
      At line 175 in file RTE/Device/LM3S9B92/Startup.s

CAN0_Handler 00000068

Symbol: CAN0_Handler
   Definitions
      At line 438 in file RTE/Device/LM3S9B92/Startup.s
   Uses
      At line 121 in file RTE/Device/LM3S9B92/Startup.s
      At line 439 in file RTE/Device/LM3S9B92/Startup.s

CAN1_Handler 0000006A

Symbol: CAN1_Handler
   Definitions
      At line 444 in file RTE/Device/LM3S9B92/Startup.s
   Uses
      At line 122 in file RTE/Device/LM3S9B92/Startup.s
      At line 445 in file RTE/Device/LM3S9B92/Startup.s

CAN2_Handler 0000006C

Symbol: CAN2_Handler
   Definitions
      At line 450 in file RTE/Device/LM3S9B92/Startup.s
   Uses
      At line 123 in file RTE/Device/LM3S9B92/Startup.s
      At line 451 in file RTE/Device/LM3S9B92/Startup.s

COMP0_Handler 0000004C




ARM Macro Assembler    Page 3 Alphabetic symbol ordering
Relocatable symbols

Symbol: COMP0_Handler
   Definitions
      At line 354 in file RTE/Device/LM3S9B92/Startup.s
   Uses
      At line 107 in file RTE/Device/LM3S9B92/Startup.s
      At line 355 in file RTE/Device/LM3S9B92/Startup.s

COMP1_Handler 0000004E

Symbol: COMP1_Handler
   Definitions
      At line 360 in file RTE/Device/LM3S9B92/Startup.s
   Uses
      At line 108 in file RTE/Device/LM3S9B92/Startup.s
      At line 361 in file RTE/Device/LM3S9B92/Startup.s

COMP2_Handler 00000050

Symbol: COMP2_Handler
   Definitions
      At line 366 in file RTE/Device/LM3S9B92/Startup.s
   Uses
      At line 109 in file RTE/Device/LM3S9B92/Startup.s
      At line 367 in file RTE/Device/LM3S9B92/Startup.s

DebugMon_Handler 00000014

Symbol: DebugMon_Handler
   Definitions
      At line 188 in file RTE/Device/LM3S9B92/Startup.s
   Uses
      At line 75 in file RTE/Device/LM3S9B92/Startup.s
      At line 189 in file RTE/Device/LM3S9B92/Startup.s

EPI0_Handler 00000084

Symbol: EPI0_Handler
   Definitions
      At line 522 in file RTE/Device/LM3S9B92/Startup.s
   Uses
      At line 135 in file RTE/Device/LM3S9B92/Startup.s
      At line 523 in file RTE/Device/LM3S9B92/Startup.s

ETH0_Handler 0000006E

Symbol: ETH0_Handler
   Definitions
      At line 456 in file RTE/Device/LM3S9B92/Startup.s
   Uses
      At line 124 in file RTE/Device/LM3S9B92/Startup.s
      At line 457 in file RTE/Device/LM3S9B92/Startup.s

FLASH_Handler 00000054

Symbol: FLASH_Handler
   Definitions
      At line 378 in file RTE/Device/LM3S9B92/Startup.s
   Uses
      At line 111 in file RTE/Device/LM3S9B92/Startup.s



ARM Macro Assembler    Page 4 Alphabetic symbol ordering
Relocatable symbols

      At line 379 in file RTE/Device/LM3S9B92/Startup.s

GPIOA_Handler 0000001A

Symbol: GPIOA_Handler
   Definitions
      At line 204 in file RTE/Device/LM3S9B92/Startup.s
   Uses
      At line 82 in file RTE/Device/LM3S9B92/Startup.s
      At line 205 in file RTE/Device/LM3S9B92/Startup.s

GPIOB_Handler 0000001C

Symbol: GPIOB_Handler
   Definitions
      At line 210 in file RTE/Device/LM3S9B92/Startup.s
   Uses
      At line 83 in file RTE/Device/LM3S9B92/Startup.s
      At line 211 in file RTE/Device/LM3S9B92/Startup.s

GPIOC_Handler 0000001E

Symbol: GPIOC_Handler
   Definitions
      At line 216 in file RTE/Device/LM3S9B92/Startup.s
   Uses
      At line 84 in file RTE/Device/LM3S9B92/Startup.s
      At line 217 in file RTE/Device/LM3S9B92/Startup.s

GPIOD_Handler 00000020

Symbol: GPIOD_Handler
   Definitions
      At line 222 in file RTE/Device/LM3S9B92/Startup.s
   Uses
      At line 85 in file RTE/Device/LM3S9B92/Startup.s
      At line 223 in file RTE/Device/LM3S9B92/Startup.s

GPIOE_Handler 00000022

Symbol: GPIOE_Handler
   Definitions
      At line 228 in file RTE/Device/LM3S9B92/Startup.s
   Uses
      At line 86 in file RTE/Device/LM3S9B92/Startup.s
      At line 229 in file RTE/Device/LM3S9B92/Startup.s

GPIOF_Handler 00000056

Symbol: GPIOF_Handler
   Definitions
      At line 384 in file RTE/Device/LM3S9B92/Startup.s
   Uses
      At line 112 in file RTE/Device/LM3S9B92/Startup.s
      At line 385 in file RTE/Device/LM3S9B92/Startup.s

GPIOG_Handler 00000058

Symbol: GPIOG_Handler



ARM Macro Assembler    Page 5 Alphabetic symbol ordering
Relocatable symbols

   Definitions
      At line 390 in file RTE/Device/LM3S9B92/Startup.s
   Uses
      At line 113 in file RTE/Device/LM3S9B92/Startup.s
      At line 391 in file RTE/Device/LM3S9B92/Startup.s

GPIOH_Handler 0000005A

Symbol: GPIOH_Handler
   Definitions
      At line 396 in file RTE/Device/LM3S9B92/Startup.s
   Uses
      At line 114 in file RTE/Device/LM3S9B92/Startup.s
      At line 397 in file RTE/Device/LM3S9B92/Startup.s

GPIOJ_Handler 00000086

Symbol: GPIOJ_Handler
   Definitions
      At line 528 in file RTE/Device/LM3S9B92/Startup.s
   Uses
      At line 136 in file RTE/Device/LM3S9B92/Startup.s
      At line 529 in file RTE/Device/LM3S9B92/Startup.s

HIB_Handler 00000070

Symbol: HIB_Handler
   Definitions
      At line 462 in file RTE/Device/LM3S9B92/Startup.s
   Uses
      At line 125 in file RTE/Device/LM3S9B92/Startup.s
      At line 463 in file RTE/Device/LM3S9B92/Startup.s

HardFault_Handler 0000000A

Symbol: HardFault_Handler
   Definitions
      At line 164 in file RTE/Device/LM3S9B92/Startup.s
   Uses
      At line 66 in file RTE/Device/LM3S9B92/Startup.s
      At line 165 in file RTE/Device/LM3S9B92/Startup.s

I2C0_Handler 0000002A

Symbol: I2C0_Handler
   Definitions
      At line 252 in file RTE/Device/LM3S9B92/Startup.s
   Uses
      At line 90 in file RTE/Device/LM3S9B92/Startup.s
      At line 253 in file RTE/Device/LM3S9B92/Startup.s

I2C1_Handler 00000064

Symbol: I2C1_Handler
   Definitions
      At line 426 in file RTE/Device/LM3S9B92/Startup.s
   Uses
      At line 119 in file RTE/Device/LM3S9B92/Startup.s
      At line 427 in file RTE/Device/LM3S9B92/Startup.s



ARM Macro Assembler    Page 6 Alphabetic symbol ordering
Relocatable symbols


I2S0_Handler 00000082

Symbol: I2S0_Handler
   Definitions
      At line 516 in file RTE/Device/LM3S9B92/Startup.s
   Uses
      At line 134 in file RTE/Device/LM3S9B92/Startup.s
      At line 517 in file RTE/Device/LM3S9B92/Startup.s

MemManage_Handler 0000000C

Symbol: MemManage_Handler
   Definitions
      At line 169 in file RTE/Device/LM3S9B92/Startup.s
   Uses
      At line 67 in file RTE/Device/LM3S9B92/Startup.s
      At line 170 in file RTE/Device/LM3S9B92/Startup.s

NMI_Handler 00000008

Symbol: NMI_Handler
   Definitions
      At line 159 in file RTE/Device/LM3S9B92/Startup.s
   Uses
      At line 65 in file RTE/Device/LM3S9B92/Startup.s
      At line 160 in file RTE/Device/LM3S9B92/Startup.s

PMW0_FAULT_Handler 0000002C

Symbol: PMW0_FAULT_Handler
   Definitions
      At line 258 in file RTE/Device/LM3S9B92/Startup.s
   Uses
      At line 91 in file RTE/Device/LM3S9B92/Startup.s
      At line 259 in file RTE/Device/LM3S9B92/Startup.s

PWM0_0_Handler 0000002E

Symbol: PWM0_0_Handler
   Definitions
      At line 264 in file RTE/Device/LM3S9B92/Startup.s
   Uses
      At line 92 in file RTE/Device/LM3S9B92/Startup.s
      At line 265 in file RTE/Device/LM3S9B92/Startup.s

PWM0_1_Handler 00000030

Symbol: PWM0_1_Handler
   Definitions
      At line 270 in file RTE/Device/LM3S9B92/Startup.s
   Uses
      At line 93 in file RTE/Device/LM3S9B92/Startup.s
      At line 271 in file RTE/Device/LM3S9B92/Startup.s

PWM0_2_Handler 00000032

Symbol: PWM0_2_Handler
   Definitions



ARM Macro Assembler    Page 7 Alphabetic symbol ordering
Relocatable symbols

      At line 276 in file RTE/Device/LM3S9B92/Startup.s
   Uses
      At line 94 in file RTE/Device/LM3S9B92/Startup.s
      At line 277 in file RTE/Device/LM3S9B92/Startup.s

PWM0_3_Handler 00000074

Symbol: PWM0_3_Handler
   Definitions
      At line 474 in file RTE/Device/LM3S9B92/Startup.s
   Uses
      At line 127 in file RTE/Device/LM3S9B92/Startup.s
      At line 475 in file RTE/Device/LM3S9B92/Startup.s

PendSV_Handler 00000016

Symbol: PendSV_Handler
   Definitions
      At line 193 in file RTE/Device/LM3S9B92/Startup.s
   Uses
      At line 77 in file RTE/Device/LM3S9B92/Startup.s
      At line 194 in file RTE/Device/LM3S9B92/Startup.s

QEI0_Handler 00000034

Symbol: QEI0_Handler
   Definitions
      At line 282 in file RTE/Device/LM3S9B92/Startup.s
   Uses
      At line 95 in file RTE/Device/LM3S9B92/Startup.s
      At line 283 in file RTE/Device/LM3S9B92/Startup.s

QEI1_Handler 00000066

Symbol: QEI1_Handler
   Definitions
      At line 432 in file RTE/Device/LM3S9B92/Startup.s
   Uses
      At line 120 in file RTE/Device/LM3S9B92/Startup.s
      At line 433 in file RTE/Device/LM3S9B92/Startup.s

Reset_Handler 00000000

Symbol: Reset_Handler
   Definitions
      At line 146 in file RTE/Device/LM3S9B92/Startup.s
   Uses
      At line 64 in file RTE/Device/LM3S9B92/Startup.s
      At line 147 in file RTE/Device/LM3S9B92/Startup.s

SSI0_Handler 00000028

Symbol: SSI0_Handler
   Definitions
      At line 246 in file RTE/Device/LM3S9B92/Startup.s
   Uses
      At line 89 in file RTE/Device/LM3S9B92/Startup.s
      At line 247 in file RTE/Device/LM3S9B92/Startup.s




ARM Macro Assembler    Page 8 Alphabetic symbol ordering
Relocatable symbols

SSI1_Handler 0000005E

Symbol: SSI1_Handler
   Definitions
      At line 408 in file RTE/Device/LM3S9B92/Startup.s
   Uses
      At line 116 in file RTE/Device/LM3S9B92/Startup.s
      At line 409 in file RTE/Device/LM3S9B92/Startup.s

SVC_Handler 00000012

Symbol: SVC_Handler
   Definitions
      At line 183 in file RTE/Device/LM3S9B92/Startup.s
   Uses
      At line 74 in file RTE/Device/LM3S9B92/Startup.s
      At line 184 in file RTE/Device/LM3S9B92/Startup.s

SYSCTL_Handler 00000052

Symbol: SYSCTL_Handler
   Definitions
      At line 372 in file RTE/Device/LM3S9B92/Startup.s
   Uses
      At line 110 in file RTE/Device/LM3S9B92/Startup.s
      At line 373 in file RTE/Device/LM3S9B92/Startup.s

SysTick_Handler 00000018

Symbol: SysTick_Handler
   Definitions
      At line 198 in file RTE/Device/LM3S9B92/Startup.s
   Uses
      At line 78 in file RTE/Device/LM3S9B92/Startup.s
      At line 199 in file RTE/Device/LM3S9B92/Startup.s

TIMER0A_Handler 00000040

Symbol: TIMER0A_Handler
   Definitions
      At line 318 in file RTE/Device/LM3S9B92/Startup.s
   Uses
      At line 101 in file RTE/Device/LM3S9B92/Startup.s
      At line 319 in file RTE/Device/LM3S9B92/Startup.s

TIMER0B_Handler 00000042

Symbol: TIMER0B_Handler
   Definitions
      At line 324 in file RTE/Device/LM3S9B92/Startup.s
   Uses
      At line 102 in file RTE/Device/LM3S9B92/Startup.s
      At line 325 in file RTE/Device/LM3S9B92/Startup.s

TIMER1A_Handler 00000044

Symbol: TIMER1A_Handler
   Definitions
      At line 330 in file RTE/Device/LM3S9B92/Startup.s



ARM Macro Assembler    Page 9 Alphabetic symbol ordering
Relocatable symbols

   Uses
      At line 103 in file RTE/Device/LM3S9B92/Startup.s
      At line 331 in file RTE/Device/LM3S9B92/Startup.s

TIMER1B_Handler 00000046

Symbol: TIMER1B_Handler
   Definitions
      At line 336 in file RTE/Device/LM3S9B92/Startup.s
   Uses
      At line 104 in file RTE/Device/LM3S9B92/Startup.s
      At line 337 in file RTE/Device/LM3S9B92/Startup.s

TIMER2A_Handler 00000048

Symbol: TIMER2A_Handler
   Definitions
      At line 342 in file RTE/Device/LM3S9B92/Startup.s
   Uses
      At line 105 in file RTE/Device/LM3S9B92/Startup.s
      At line 343 in file RTE/Device/LM3S9B92/Startup.s

TIMER2B_Handler 0000004A

Symbol: TIMER2B_Handler
   Definitions
      At line 348 in file RTE/Device/LM3S9B92/Startup.s
   Uses
      At line 106 in file RTE/Device/LM3S9B92/Startup.s
      At line 349 in file RTE/Device/LM3S9B92/Startup.s

TIMER3A_Handler 00000060

Symbol: TIMER3A_Handler
   Definitions
      At line 414 in file RTE/Device/LM3S9B92/Startup.s
   Uses
      At line 117 in file RTE/Device/LM3S9B92/Startup.s
      At line 415 in file RTE/Device/LM3S9B92/Startup.s

TIMER3B_Handler 00000062

Symbol: TIMER3B_Handler
   Definitions
      At line 420 in file RTE/Device/LM3S9B92/Startup.s
   Uses
      At line 118 in file RTE/Device/LM3S9B92/Startup.s
      At line 421 in file RTE/Device/LM3S9B92/Startup.s

UART0_Handler 00000024

Symbol: UART0_Handler
   Definitions
      At line 234 in file RTE/Device/LM3S9B92/Startup.s
   Uses
      At line 87 in file RTE/Device/LM3S9B92/Startup.s
      At line 235 in file RTE/Device/LM3S9B92/Startup.s

UART1_Handler 00000026



ARM Macro Assembler    Page 10 Alphabetic symbol ordering
Relocatable symbols


Symbol: UART1_Handler
   Definitions
      At line 240 in file RTE/Device/LM3S9B92/Startup.s
   Uses
      At line 88 in file RTE/Device/LM3S9B92/Startup.s
      At line 241 in file RTE/Device/LM3S9B92/Startup.s

UART2_Handler 0000005C

Symbol: UART2_Handler
   Definitions
      At line 402 in file RTE/Device/LM3S9B92/Startup.s
   Uses
      At line 115 in file RTE/Device/LM3S9B92/Startup.s
      At line 403 in file RTE/Device/LM3S9B92/Startup.s

UDMAERR_Handler 00000078

Symbol: UDMAERR_Handler
   Definitions
      At line 486 in file RTE/Device/LM3S9B92/Startup.s
   Uses
      At line 129 in file RTE/Device/LM3S9B92/Startup.s
      At line 487 in file RTE/Device/LM3S9B92/Startup.s

UDMA_Handler 00000076

Symbol: UDMA_Handler
   Definitions
      At line 480 in file RTE/Device/LM3S9B92/Startup.s
   Uses
      At line 128 in file RTE/Device/LM3S9B92/Startup.s
      At line 481 in file RTE/Device/LM3S9B92/Startup.s

USB0_Handler 00000072

Symbol: USB0_Handler
   Definitions
      At line 468 in file RTE/Device/LM3S9B92/Startup.s
   Uses
      At line 126 in file RTE/Device/LM3S9B92/Startup.s
      At line 469 in file RTE/Device/LM3S9B92/Startup.s

UsageFault_Handler 00000010

Symbol: UsageFault_Handler
   Definitions
      At line 179 in file RTE/Device/LM3S9B92/Startup.s
   Uses
      At line 69 in file RTE/Device/LM3S9B92/Startup.s
      At line 180 in file RTE/Device/LM3S9B92/Startup.s

WDT0_Handler 0000003E

Symbol: WDT0_Handler
   Definitions
      At line 312 in file RTE/Device/LM3S9B92/Startup.s
   Uses



ARM Macro Assembler    Page 11 Alphabetic symbol ordering
Relocatable symbols

      At line 100 in file RTE/Device/LM3S9B92/Startup.s
      At line 313 in file RTE/Device/LM3S9B92/Startup.s

__user_initial_stackheap 00000088

Symbol: __user_initial_stackheap
   Definitions
      At line 548 in file RTE/Device/LM3S9B92/Startup.s
   Uses
      At line 547 in file RTE/Device/LM3S9B92/Startup.s
Comment: __user_initial_stackheap used once
67 symbols



ARM Macro Assembler    Page 1 Alphabetic symbol ordering
Absolute symbols

Heap_Size 00000100

Symbol: Heap_Size
   Definitions
      At line 44 in file RTE/Device/LM3S9B92/Startup.s
   Uses
      At line 48 in file RTE/Device/LM3S9B92/Startup.s
      At line 552 in file RTE/Device/LM3S9B92/Startup.s

Stack_Size 00000400

Symbol: Stack_Size
   Definitions
      At line 33 in file RTE/Device/LM3S9B92/Startup.s
   Uses
      At line 36 in file RTE/Device/LM3S9B92/Startup.s
      At line 551 in file RTE/Device/LM3S9B92/Startup.s

__Vectors_Size 0000011C

Symbol: __Vectors_Size
   Definitions
      At line 139 in file RTE/Device/LM3S9B92/Startup.s
   Uses
      At line 61 in file RTE/Device/LM3S9B92/Startup.s
Comment: __Vectors_Size used once
3 symbols



ARM Macro Assembler    Page 1 Alphabetic symbol ordering
External symbols

SystemInit 00000000

Symbol: SystemInit
   Definitions
      At line 148 in file RTE/Device/LM3S9B92/Startup.s
   Uses
      At line 150 in file RTE/Device/LM3S9B92/Startup.s
Comment: SystemInit used once
__main 00000000

Symbol: __main
   Definitions
      At line 149 in file RTE/Device/LM3S9B92/Startup.s
   Uses
      At line 152 in file RTE/Device/LM3S9B92/Startup.s
Comment: __main used once
__use_two_region_memory 00000000

Symbol: __use_two_region_memory
   Definitions
      At line 546 in file RTE/Device/LM3S9B92/Startup.s
   Uses
      None
Comment: __use_two_region_memory unused
3 symbols
420 symbols in table
